# JRE version: Java(TM) SE Runtime Environment (21.0.8+12) (build 21.0.8+12-LTS-250)
# Java VM: Java HotSpot(TM) 64-Bit Server VM (21.0.8+12-LTS-250, mixed mode, sharing, tiered, compressed oops, compressed class ptrs, g1 gc, windows-amd64)
GC Precious Log:
 CardTable entry size: 512
 Card Set container configuration: InlinePtr #cards 4 size 8 Array Of Cards #cards 16 size 48 Howl #buckets 8 coarsen threshold 3686 Howl Bitmap #cards 512 size 80 coarsen threshold 460 Card regions per heap region 1 cards per card region 4096
 CPUs: 8 total, 8 available
 Memory: 8038M
 Large Page Support: Disabled
 NUMA Support: Disabled
 Compressed Oops: Enabled (Zero based)
 Heap Region Size: 2M
 Heap Min Capacity: 8M
 Heap Initial Capacity: 126M
 Heap Max Capacity: 4G
 Pre-touch: Disabled
 Parallel Workers: 8
 Concurrent Workers: 2
 Concurrent Refinement Workers: 8
 Periodic GC: Disabled
Heap:
 garbage-first heap   total 96256K, used 44689K [0x0000000700000000, 0x0000000800000000)
  region size 2048K, 8 young (16384K), 4 survivors (8192K)
 Metaspace       used 43587K, committed 44800K, reserved 1114112K
  class space    used 6011K, committed 6592K, reserved 1048576K
GC Heap History (20 events):
Event: 0.421 GC heap before
{Heap before GC invocations=0 (full 0):
 garbage-first heap   total 129024K, used 22528K [0x0000000700000000, 0x0000000800000000)
  region size 2048K, 11 young (22528K), 0 survivors (0K)
 Metaspace       used 1030K, committed 1152K, reserved 1114112K
  class space    used 77K, committed 128K, reserved 1048576K
}
Event: 0.424 GC heap after
{Heap after GC invocations=1 (full 0):
 garbage-first heap   total 129024K, used 1893K [0x0000000700000000, 0x0000000800000000)
  region size 2048K, 1 young (2048K), 1 survivors (2048K)
 Metaspace       used 1030K, committed 1152K, reserved 1114112K
  class space    used 77K, committed 128K, reserved 1048576K
}
Event: 1.225 GC heap before
{Heap before GC invocations=1 (full 0):
 garbage-first heap   total 129024K, used 46949K [0x0000000700000000, 0x0000000800000000)
  region size 2048K, 21 young (43008K), 1 survivors (2048K)
 Metaspace       used 4417K, committed 4608K, reserved 1114112K
  class space    used 539K, committed 640K, reserved 1048576K
}
Event: 1.231 GC heap after
{Heap after GC invocations=2 (full 0):
 garbage-first heap   total 129024K, used 11842K [0x0000000700000000, 0x0000000800000000)
  region size 2048K, 3 young (6144K), 3 survivors (6144K)
 Metaspace       used 4417K, committed 4608K, reserved 1114112K
  class space    used 539K, committed 640K, reserved 1048576K
}
Event: 1.966 GC heap before
{Heap before GC invocations=2 (full 0):
 garbage-first heap   total 129024K, used 63042K [0x0000000700000000, 0x0000000800000000)
  region size 2048K, 28 young (57344K), 3 survivors (6144K)
 Metaspace       used 6867K, committed 7168K, reserved 1114112K
  class space    used 896K, committed 1024K, reserved 1048576K
}
Event: 1.974 GC heap after
{Heap after GC invocations=3 (full 0):
 garbage-first heap   total 129024K, used 19257K [0x0000000700000000, 0x0000000800000000)
  region size 2048K, 4 young (8192K), 4 survivors (8192K)
 Metaspace       used 6867K, committed 7168K, reserved 1114112K
  class space    used 896K, committed 1024K, reserved 1048576K
}
Event: 3.434 GC heap before
{Heap before GC invocations=3 (full 0):
 garbage-first heap   total 129024K, used 84793K [0x0000000700000000, 0x0000000800000000)
  region size 2048K, 37 young (75776K), 4 survivors (8192K)
 Metaspace       used 18948K, committed 19584K, reserved 1114112K
  class space    used 2666K, committed 2944K, reserved 1048576K
}
Event: 3.441 GC heap after
{Heap after GC invocations=4 (full 0):
 garbage-first heap   total 129024K, used 23632K [0x0000000700000000, 0x0000000800000000)
  region size 2048K, 3 young (6144K), 3 survivors (6144K)
 Metaspace       used 18948K, committed 19584K, reserved 1114112K
  class space    used 2666K, committed 2944K, reserved 1048576K
}
Event: 3.657 GC heap before
{Heap before GC invocations=4 (full 0):
 garbage-first heap   total 129024K, used 40016K [0x0000000700000000, 0x0000000800000000)
  region size 2048K, 12 young (24576K), 3 survivors (6144K)
 Metaspace       used 20880K, committed 21504K, reserved 1114112K
  class space    used 2998K, committed 3264K, reserved 1048576K
}
Event: 3.661 GC heap after
{Heap after GC invocations=5 (full 0):
 garbage-first heap   total 129024K, used 24992K [0x0000000700000000, 0x0000000800000000)
  region size 2048K, 3 young (6144K), 3 survivors (6144K)
 Metaspace       used 20880K, committed 21504K, reserved 1114112K
  class space    used 2998K, committed 3264K, reserved 1048576K
}
Event: 4.375 GC heap before
{Heap before GC invocations=6 (full 0):
 garbage-first heap   total 96256K, used 76192K [0x0000000700000000, 0x0000000800000000)
  region size 2048K, 28 young (57344K), 3 survivors (6144K)
 Metaspace       used 28126K, committed 29120K, reserved 1114112K
  class space    used 4117K, committed 4608K, reserved 1048576K
}
Event: 4.382 GC heap after
{Heap after GC invocations=7 (full 0):
 garbage-first heap   total 96256K, used 27299K [0x0000000700000000, 0x0000000800000000)
  region size 2048K, 2 young (4096K), 2 survivors (4096K)
 Metaspace       used 28126K, committed 29120K, reserved 1114112K
  class space    used 4117K, committed 4608K, reserved 1048576K
}
Event: 4.988 GC heap before
{Heap before GC invocations=7 (full 0):
 garbage-first heap   total 96256K, used 76451K [0x0000000700000000, 0x0000000800000000)
  region size 2048K, 27 young (55296K), 2 survivors (4096K)
 Metaspace       used 32508K, committed 33472K, reserved 1114112K
  class space    used 4710K, committed 5184K, reserved 1048576K
}
Event: 4.993 GC heap after
{Heap after GC invocations=8 (full 0):
 garbage-first heap   total 96256K, used 31159K [0x0000000700000000, 0x0000000800000000)
  region size 2048K, 4 young (8192K), 4 survivors (8192K)
 Metaspace       used 32508K, committed 33472K, reserved 1114112K
  class space    used 4710K, committed 5184K, reserved 1048576K
}
Event: 5.476 GC heap before
{Heap before GC invocations=8 (full 0):
 garbage-first heap   total 96256K, used 80311K [0x0000000700000000, 0x0000000800000000)
  region size 2048K, 28 young (57344K), 4 survivors (8192K)
 Metaspace       used 34830K, committed 35776K, reserved 1114112K
  class space    used 5019K, committed 5504K, reserved 1048576K
}
Event: 5.483 GC heap after
{Heap after GC invocations=9 (full 0):
 garbage-first heap   total 96256K, used 32975K [0x0000000700000000, 0x0000000800000000)
  region size 2048K, 3 young (6144K), 3 survivors (6144K)
 Metaspace       used 34830K, committed 35776K, reserved 1114112K
  class space    used 5019K, committed 5504K, reserved 1048576K
}
Event: 5.588 GC heap before
{Heap before GC invocations=9 (full 0):
 garbage-first heap   total 96256K, used 41167K [0x0000000700000000, 0x0000000800000000)
  region size 2048K, 8 young (16384K), 3 survivors (6144K)
 Metaspace       used 35210K, committed 36160K, reserved 1114112K
  class space    used 5053K, committed 5504K, reserved 1048576K
}
Event: 5.593 GC heap after
{Heap after GC invocations=10 (full 0):
 garbage-first heap   total 96256K, used 33835K [0x0000000700000000, 0x0000000800000000)
  region size 2048K, 2 young (4096K), 2 survivors (4096K)
 Metaspace       used 35210K, committed 36160K, reserved 1114112K
  class space    used 5053K, committed 5504K, reserved 1048576K
}
Event: 6.447 GC heap before
{Heap before GC invocations=11 (full 0):
 garbage-first heap   total 96256K, used 85035K [0x0000000700000000, 0x0000000800000000)
  region size 2048K, 26 young (53248K), 2 survivors (4096K)
 Metaspace       used 43008K, committed 44224K, reserved 1114112K
  class space    used 5929K, committed 6528K, reserved 1048576K
}
Event: 6.451 GC heap after
{Heap after GC invocations=12 (full 0):
 garbage-first heap   total 96256K, used 38545K [0x0000000700000000, 0x0000000800000000)
  region size 2048K, 4 young (8192K), 4 survivors (8192K)
 Metaspace       used 43008K, committed 44224K, reserved 1114112K
  class space    used 5929K, committed 6528K, reserved 1048576K
}

