# JRE version: Java(TM) SE Runtime Environment (21.0.8+12) (build 21.0.8+12-LTS-250)
# Java VM: Java HotSpot(TM) 64-Bit Server VM (21.0.8+12-LTS-250, mixed mode, sharing, tiered, compressed oops, compressed class ptrs, g1 gc, windows-amd64)
GC Precious Log:
 CardTable entry size: 512
 Card Set container configuration: InlinePtr #cards 4 size 8 Array Of Cards #cards 16 size 48 Howl #buckets 8 coarsen threshold 3686 Howl Bitmap #cards 512 size 80 coarsen threshold 460 Card regions per heap region 1 cards per card region 4096
 CPUs: 8 total, 8 available
 Memory: 8038M
 Large Page Support: Disabled
 NUMA Support: Disabled
 Compressed Oops: Enabled (Zero based)
 Heap Region Size: 2M
 Heap Min Capacity: 8M
 Heap Initial Capacity: 126M
 Heap Max Capacity: 4G
 Pre-touch: Disabled
 Parallel Workers: 8
 Concurrent Workers: 2
 Concurrent Refinement Workers: 8
 Periodic GC: Disabled
Heap:
 garbage-first heap   total 118784K, used 98376K [0x0000000700000000, 0x0000000800000000)
  region size 2048K, 24 young (49152K), 2 survivors (4096K)
 Metaspace       used 52135K, committed 53760K, reserved 1114112K
  class space    used 7073K, committed 7872K, reserved 1048576K
GC Heap History (20 events):
Event: 6.088 GC heap before
{Heap before GC invocations=8 (full 0):
 garbage-first heap   total 96256K, used 69132K [0x0000000700000000, 0x0000000800000000)
  region size 2048K, 23 young (47104K), 4 survivors (8192K)
 Metaspace       used 35221K, committed 36160K, reserved 1114112K
  class space    used 5029K, committed 5504K, reserved 1048576K
}
Event: 6.094 GC heap after
{Heap after GC invocations=9 (full 0):
 garbage-first heap   total 96256K, used 33976K [0x0000000700000000, 0x0000000800000000)
  region size 2048K, 3 young (6144K), 3 survivors (6144K)
 Metaspace       used 35221K, committed 36160K, reserved 1114112K
  class space    used 5029K, committed 5504K, reserved 1048576K
}
Event: 7.538 GC heap before
{Heap before GC invocations=10 (full 0):
 garbage-first heap   total 96256K, used 81080K [0x0000000700000000, 0x0000000800000000)
  region size 2048K, 26 young (53248K), 3 survivors (6144K)
 Metaspace       used 42822K, committed 43968K, reserved 1114112K
  class space    used 5957K, committed 6528K, reserved 1048576K
}
Event: 7.545 GC heap after
{Heap after GC invocations=11 (full 0):
 garbage-first heap   total 96256K, used 39145K [0x0000000700000000, 0x0000000800000000)
  region size 2048K, 4 young (8192K), 4 survivors (8192K)
 Metaspace       used 42822K, committed 43968K, reserved 1114112K
  class space    used 5957K, committed 6528K, reserved 1048576K
}
Event: 7.818 GC heap before
{Heap before GC invocations=11 (full 0):
 garbage-first heap   total 96256K, used 82153K [0x0000000700000000, 0x0000000800000000)
  region size 2048K, 24 young (49152K), 4 survivors (8192K)
 Metaspace       used 43783K, committed 44864K, reserved 1114112K
  class space    used 5997K, committed 6528K, reserved 1048576K
}
Event: 7.825 GC heap after
{Heap after GC invocations=12 (full 0):
 garbage-first heap   total 98304K, used 42008K [0x0000000700000000, 0x0000000800000000)
  region size 2048K, 2 young (4096K), 2 survivors (4096K)
 Metaspace       used 43783K, committed 44864K, reserved 1114112K
  class space    used 5997K, committed 6528K, reserved 1048576K
}
Event: 7.999 GC heap before
{Heap before GC invocations=12 (full 0):
 garbage-first heap   total 98304K, used 85016K [0x0000000700000000, 0x0000000800000000)
  region size 2048K, 23 young (47104K), 2 survivors (4096K)
 Metaspace       used 43786K, committed 44864K, reserved 1114112K
  class space    used 5997K, committed 6528K, reserved 1048576K
}
Event: 8.003 GC heap after
{Heap after GC invocations=13 (full 0):
 garbage-first heap   total 98304K, used 44520K [0x0000000700000000, 0x0000000800000000)
  region size 2048K, 2 young (4096K), 2 survivors (4096K)
 Metaspace       used 43786K, committed 44864K, reserved 1114112K
  class space    used 5997K, committed 6528K, reserved 1048576K
}
Event: 8.271 GC heap before
{Heap before GC invocations=13 (full 0):
 garbage-first heap   total 98304K, used 85480K [0x0000000700000000, 0x0000000800000000)
  region size 2048K, 22 young (45056K), 2 survivors (4096K)
 Metaspace       used 43792K, committed 44864K, reserved 1114112K
  class space    used 5997K, committed 6528K, reserved 1048576K
}
Event: 8.276 GC heap after
{Heap after GC invocations=14 (full 0):
 garbage-first heap   total 118784K, used 47113K [0x0000000700000000, 0x0000000800000000)
  region size 2048K, 3 young (6144K), 3 survivors (6144K)
 Metaspace       used 43792K, committed 44864K, reserved 1114112K
  class space    used 5997K, committed 6528K, reserved 1048576K
}
Event: 9.140 GC heap before
{Heap before GC invocations=14 (full 0):
 garbage-first heap   total 118784K, used 102409K [0x0000000700000000, 0x0000000800000000)
  region size 2048K, 30 young (61440K), 3 survivors (6144K)
 Metaspace       used 44463K, committed 45568K, reserved 1114112K
  class space    used 6043K, committed 6592K, reserved 1048576K
}
Event: 9.146 GC heap after
{Heap after GC invocations=15 (full 0):
 garbage-first heap   total 118784K, used 49312K [0x0000000700000000, 0x0000000800000000)
  region size 2048K, 3 young (6144K), 3 survivors (6144K)
 Metaspace       used 44463K, committed 45568K, reserved 1114112K
  class space    used 6043K, committed 6592K, reserved 1048576K
}
Event: 10.361 GC heap before
{Heap before GC invocations=15 (full 0):
 garbage-first heap   total 118784K, used 102560K [0x0000000700000000, 0x0000000800000000)
  region size 2048K, 29 young (59392K), 3 survivors (6144K)
 Metaspace       used 47181K, committed 48512K, reserved 1114112K
  class space    used 6453K, committed 7104K, reserved 1048576K
}
Event: 10.368 GC heap after
{Heap after GC invocations=16 (full 0):
 garbage-first heap   total 118784K, used 52163K [0x0000000700000000, 0x0000000800000000)
  region size 2048K, 3 young (6144K), 3 survivors (6144K)
 Metaspace       used 47181K, committed 48512K, reserved 1114112K
  class space    used 6453K, committed 7104K, reserved 1048576K
}
Event: 11.043 GC heap before
{Heap before GC invocations=16 (full 0):
 garbage-first heap   total 118784K, used 101315K [0x0000000700000000, 0x0000000800000000)
  region size 2048K, 28 young (57344K), 3 survivors (6144K)
 Metaspace       used 51286K, committed 52928K, reserved 1114112K
  class space    used 6999K, committed 7808K, reserved 1048576K
}
Event: 11.049 GC heap after
{Heap after GC invocations=17 (full 0):
 garbage-first heap   total 118784K, used 54644K [0x0000000700000000, 0x0000000800000000)
  region size 2048K, 3 young (6144K), 3 survivors (6144K)
 Metaspace       used 51286K, committed 52928K, reserved 1114112K
  class space    used 6999K, committed 7808K, reserved 1048576K
}
Event: 11.403 GC heap before
{Heap before GC invocations=17 (full 0):
 garbage-first heap   total 118784K, used 101748K [0x0000000700000000, 0x0000000800000000)
  region size 2048K, 27 young (55296K), 3 survivors (6144K)
 Metaspace       used 52056K, committed 53696K, reserved 1114112K
  class space    used 7073K, committed 7872K, reserved 1048576K
}
Event: 11.407 GC heap after
{Heap after GC invocations=18 (full 0):
 garbage-first heap   total 118784K, used 55525K [0x0000000700000000, 0x0000000800000000)
  region size 2048K, 2 young (4096K), 2 survivors (4096K)
 Metaspace       used 52056K, committed 53696K, reserved 1114112K
  class space    used 7073K, committed 7872K, reserved 1048576K
}
Event: 11.575 GC heap before
{Heap before GC invocations=18 (full 0):
 garbage-first heap   total 118784K, used 104677K [0x0000000700000000, 0x0000000800000000)
  region size 2048K, 26 young (53248K), 2 survivors (4096K)
 Metaspace       used 52125K, committed 53760K, reserved 1114112K
  class space    used 7073K, committed 7872K, reserved 1048576K
}
Event: 11.577 GC heap after
{Heap after GC invocations=19 (full 0):
 garbage-first heap   total 118784K, used 55368K [0x0000000700000000, 0x0000000800000000)
  region size 2048K, 2 young (4096K), 2 survivors (4096K)
 Metaspace       used 52125K, committed 53760K, reserved 1114112K
  class space    used 7073K, committed 7872K, reserved 1048576K
}

